<?xml version="1.0" encoding="UTF-8"?>
<!-- Generated by org.testng.reporters.JUnitReportReporter -->
<testsuite hostname="DESKTOP-GGQ6OF8" failures="0" tests="1" name="com.opencart.testlayer.LoginTest" time="8.457" errors="0" timestamp="2024-06-16T20:47:37 IST" skipped="0">
  <testcase classname="com.opencart.testlayer.LoginTest" name="verifylogintestwithvalidcredentials" time="8.457"/>
</testsuite> <!-- com.opencart.testlayer.LoginTest -->
